<?xml version="1.0" encoding="UTF-8"?>
<!-- Generated by org.testng.reporters.JUnitXMLReporter -->
<testsuite hostname="BLRLAP653" ignored="0" name="Default test" tests="4" failures="0" timestamp="22 Jan 2019 14:52:44 GMT" time="20.133" errors="0">
  <testcase name="test1" time="5.025" classname="runfailedtests.ParrallelTests"/>
  <testcase name="test2" time="5.012" classname="runfailedtests.ParrallelTests"/>
  <testcase name="test3" time="5.006" classname="runfailedtests.ParrallelTests"/>
  <testcase name="test4" time="5.006" classname="runfailedtests.ParrallelTests"/>
</testsuite> <!-- Default test -->
