<?xml version="1.0" encoding="UTF-8"?>
<!-- Generated by org.testng.reporters.JUnitXMLReporter -->
<testsuite hostname="BLRLAP653" ignored="2" name="test 1" tests="2" failures="1" timestamp="22 Jan 2019 14:33:02 GMT" time="0.082" errors="0">
  <testcase name="test1" time="0.023" classname="runfailedtests.TestFailedTests">
    <failure type="java.lang.AssertionError" message="expected [true] but found [false]">
      <![CDATA[java.lang.AssertionError: expected [true] but found [false]
	at runfailedtests.TestFailedTests.test1(TestFailedTests.java:13)
... Removed 29 stack frames]]>
    </failure>
  </testcase> <!-- test1 -->
  <testcase name="test3" time="0.003" classname="runfailedtests.TestFailedTests"/>
  <testcase name="test4" time="0.0" classname="runfailedtests.TestFailedTests">
    <ignored/>
  </testcase> <!-- test4 -->
  <testcase name="test2" time="0.0" classname="runfailedtests.TestFailedTests">
    <ignored/>
  </testcase> <!-- test2 -->
</testsuite> <!-- test 1 -->
