<?xml version="1.0" encoding="UTF-8"?>
<!-- Generated by org.testng.reporters.JUnitXMLReporter -->
<testsuite hostname="BLRLAP653" ignored="0" name="Login Test" tests="3" failures="1" timestamp="14 Aug 2017 16:49:37 GMT" time="0.111" errors="0">
  <testcase name="TestA" time="0.029" classname="TestNg_Listners.LoginTest"/>
  <testcase name="TestB" time="0.008" classname="TestNg_Listners.LoginTest">
    <failure type="java.lang.AssertionError" message="expected [B] but found [A]">
      <![CDATA[java.lang.AssertionError: expected [B] but found [A]
	at TestNg_Listners.LoginTest.TestB(LoginTest.java:18)
... Removed 31 stack frames]]>
    </failure>
  </testcase> <!-- TestB -->
  <testcase name="TestC" time="0.003" classname="TestNg_Listners.LoginTest">
    <skipped/>
  </testcase> <!-- TestC -->
</testsuite> <!-- Login Test -->
