<?xml version="1.0" encoding="UTF-8"?>
<!-- Generated by org.testng.reporters.JUnitXMLReporter -->
<testsuite hostname="BLRLAP653" ignored="0" name="My Test" tests="3" failures="1" timestamp="24 Sep 2018 10:04:49 GMT" time="0.057" errors="0">
  <testcase name="testA1" time="0.013" classname="runTestProgrametically2.ClassA"/>
  <testcase name="testA2" time="0.0" classname="runTestProgrametically2.ClassA">
    <failure type="java.lang.AssertionError" message="expected [automation] but found [Automation]">
      <![CDATA[java.lang.AssertionError: expected [automation] but found [Automation]
	at runTestProgrametically2.ClassA.testA2(ClassA.java:16)
	at runTestProgrametically2.Runner.runTestProgrametically(Runner.java:35)
	at runTestProgrametically2.Runner.main(Runner.java:40)
... Removed 28 stack frames]]>
    </failure>
  </testcase> <!-- testA2 -->
  <testcase name="testA3" time="0.0" classname="runTestProgrametically2.ClassA"/>
</testsuite> <!-- My Test -->
