<?xml version="1.0" encoding="UTF-8"?>
<!-- Generated by org.testng.reporters.JUnitXMLReporter -->
<testsuite hostname="BLRLAP653" ignored="0" tests="1" failures="1" timestamp="13 Aug 2017 16:52:39 GMT" time="0.019" errors="0">
  <testcase name="doRegisterTest" time="0.01" classname="RegTest">
    <failure type="java.lang.AssertionError" message="The following asserts failed:
	Softaeerting expected [true] but found [false]">
      <![CDATA[java.lang.AssertionError: The following asserts failed:
	Softaeerting expected [true] but found [false]
	at RegTest.doRegisterTest(RegTest.java:19)
... Removed 26 stack frames]]>
    </failure>
  </testcase> <!-- doRegisterTest -->
</testsuite>
