<?xml version="1.0" encoding="UTF-8"?>
<!-- Generated by org.testng.reporters.JUnitXMLReporter -->
<testsuite hostname="BLRLAP653" ignored="0" name="Sample Test" tests="5" failures="1" timestamp="24 Sep 2018 07:03:15 GMT" time="0.005" errors="0">
  <testcase name="Test1" time="0.0" classname="RerunFailedTest.Test001">
    <failure type="java.lang.AssertionError" message="expected [true] but found [false]">
      <![CDATA[java.lang.AssertionError: expected [true] but found [false]
	at RerunFailedTest.Test001.Test1(Test001.java:14)
	at Listners_RuntestDynamically.Runner.main(Runner.java:35)
... Removed 28 stack frames]]>
    </failure>
  </testcase> <!-- Test1 -->
  <testcase name="Test2" time="0.0" classname="RerunFailedTest.Test001"/>
  <testcase name="Test3" time="0.0" classname="RerunFailedTest.Test001"/>
  <testcase name="Test4" time="0.0" classname="RerunFailedTest.Test001"/>
  <testcase name="Test5" time="0.001" classname="RerunFailedTest.Test001"/>
</testsuite> <!-- Sample Test -->
