<?xml version="1.0" encoding="UTF-8"?>
<!-- Generated by org.testng.reporters.JUnitXMLReporter -->
<testsuite hostname="BLRLAP653" ignored="0" name="SampleTest" tests="6" failures="2" timestamp="24 Sep 2018 10:21:30 GMT" time="0.065" errors="0">
  <testcase name="testA1" time="0.015" classname="runProgrametically.ClassA"/>
  <testcase name="testA2" time="0.001" classname="runProgrametically.ClassA">
    <failure type="java.lang.AssertionError" message="expected [automation] but found [Automation]">
      <![CDATA[java.lang.AssertionError: expected [automation] but found [Automation]
	at runProgrametically.ClassA.testA2(ClassA.java:16)
	at runProgrametically.Runner.runProgrametically(Runner.java:40)
	at runProgrametically.Runner.main(Runner.java:49)
... Removed 28 stack frames]]>
    </failure>
  </testcase> <!-- testA2 -->
  <testcase name="testA3" time="0.0" classname="runProgrametically.ClassA"/>
  <testcase name="testB1" time="0.001" classname="runProgrametically.ClassB"/>
  <testcase name="testB2" time="0.0" classname="runProgrametically.ClassB">
    <failure type="java.lang.AssertionError" message="expected [Selenium] but found [Qtp]">
      <![CDATA[java.lang.AssertionError: expected [Selenium] but found [Qtp]
	at runProgrametically.ClassB.testB2(ClassB.java:16)
	at runProgrametically.Runner.runProgrametically(Runner.java:40)
	at runProgrametically.Runner.main(Runner.java:49)
... Removed 28 stack frames]]>
    </failure>
  </testcase> <!-- testB2 -->
  <testcase name="testB3" time="0.0" classname="runProgrametically.ClassB"/>
</testsuite> <!-- SampleTest -->
