<?xml version="1.0" encoding="UTF-8"?>
<!-- Generated by org.testng.reporters.JUnitXMLReporter -->
<testsuite hostname="BLRLAP653" ignored="0" name="Demo Test" tests="3" failures="0" timestamp="20 Sep 2018 06:23:18 GMT" time="6.058" errors="0">
  <testcase name="testA1" time="2.012" classname="parellelExecution.TestA"/>
  <testcase name="testA2" time="2.004" classname="parellelExecution.TestA"/>
  <testcase name="testA3" time="2.004" classname="parellelExecution.TestA"/>
</testsuite> <!-- Demo Test -->
