<?xml version="1.0" encoding="UTF-8"?>
<!-- Generated by org.testng.reporters.JUnitXMLReporter -->
<testsuite hostname="BLRLAP653" ignored="0" name="Test A" tests="6" failures="0" timestamp="22 Sep 2018 17:46:03 GMT" time="4.185" errors="0">
  <testcase name="testB2" time="2.025" classname="parellelExecution.TestB"/>
  <testcase name="testA2" time="2.05" classname="parellelExecution.TestA"/>
  <testcase name="testA3" time="2.088" classname="parellelExecution.TestA"/>
  <testcase name="testB1" time="2.091" classname="parellelExecution.TestB"/>
  <testcase name="testA1" time="2.093" classname="parellelExecution.TestA"/>
  <testcase name="testB3" time="2.039" classname="parellelExecution.TestB"/>
</testsuite> <!-- Test A -->
