<?xml version="1.0" encoding="UTF-8"?>
<!-- Generated by org.testng.reporters.JUnitXMLReporter -->
<testsuite hostname="BLRLAP653" ignored="0" name="Command line test" tests="5" failures="0" timestamp="24 Oct 2017 05:53:27 GMT" time="0.006" errors="0">
  <testcase name="Test1" time="0.0" classname="RerunFailedTest.Test001"/>
  <testcase name="Test2" time="0.0" classname="RerunFailedTest.Test001"/>
  <testcase name="Test3" time="0.0" classname="RerunFailedTest.Test001"/>
  <testcase name="Test4" time="0.001" classname="RerunFailedTest.Test001"/>
  <testcase name="Test5" time="0.0" classname="RerunFailedTest.Test001"/>
</testsuite> <!-- Command line test -->
