<?xml version="1.0" encoding="UTF-8"?>
<!-- Generated by org.testng.reporters.JUnitXMLReporter -->
<testsuite hostname="BLRLAP653" ignored="0" name=" Test A" tests="3" failures="0" timestamp="17 Sep 2018 11:24:13 GMT" time="2.112" errors="0">
  <testcase name="testA1" time="2.028" classname="parellelExecution.TestA"/>
  <testcase name="testA3" time="2.041" classname="parellelExecution.TestA"/>
  <testcase name="testA2" time="2.045" classname="parellelExecution.TestA"/>
</testsuite> <!--  Test A -->
